<?xml version="1.0" encoding="UTF-8"?>
<testsuite name="org.apache.commons.codec.digest.Sha256CryptTest" time="0.312" tests="7" errors="0" skipped="0" failures="0">
  <properties>
[...]
</properties>
  <testcase name="testSha256CryptNullData" classname="org.apache.commons.codec.digest.Sha256CryptTest" time="0"/>
  <testcase name="testSha256CryptBytes" classname="org.apache.commons.codec.digest.Sha256CryptTest" time="0.109"/>
  <testcase name="testSha256CryptWithEmptySalt" classname="org.apache.commons.codec.digest.Sha256CryptTest" time="0"/>
  <testcase name="testSha2CryptRounds" classname="org.apache.commons.codec.digest.Sha256CryptTest" time="0.047"/>
  <testcase name="testSha256LargetThanBlocksize" classname="org.apache.commons.codec.digest.Sha256CryptTest" time="0.047"/>
  <testcase name="testSha256CryptExplicitCall" classname="org.apache.commons.codec.digest.Sha256CryptTest" time="0.015"/>
  <testcase name="testSha256CryptStrings" classname="org.apache.commons.codec.digest.Sha256CryptTest" time="0.094"/>
</testsuite>