<?xml version="1.0" encoding="UTF-8"?>
<testsuite name="org.apache.commons.codec.StringEncoderComparatorTest" time="0" tests="3" errors="0" skipped="0" failures="0">
  <properties>
[...]
</properties>
  <testcase name="testComparatorWithDoubleMetaphone" classname="org.apache.commons.codec.StringEncoderComparatorTest" time="0"/>
  <testcase name="testComparatorWithDoubleMetaphoneAndInvalidInput" classname="org.apache.commons.codec.StringEncoderComparatorTest" time="0"/>
  <testcase name="testComparatorWithSoundex" classname="org.apache.commons.codec.StringEncoderComparatorTest" time="0"/>
</testsuite>