<?xml version="1.0" encoding="UTF-8"?>
<testsuite name="org.apache.commons.codec.binary.Base64Test" time="0.048" tests="53" errors="0" skipped="1" failures="0">
  <properties>
[...]
</properties>
  <testcase name="testTriplets" classname="org.apache.commons.codec.binary.Base64Test" time="0.001"/>
  <testcase name="testCodeIntegerEdgeCases" classname="org.apache.commons.codec.binary.Base64Test" time="0"/>
  <testcase name="testStringToByteVariations" classname="org.apache.commons.codec.binary.Base64Test" time="0.003"/>
  <testcase name="testConstructor_Int_ByteArray_Boolean_UrlSafe" classname="org.apache.commons.codec.binary.Base64Test" time="0.001"/>
  <testcase name="testSingletonsChunked" classname="org.apache.commons.codec.binary.Base64Test" time="0.001"/>
  <testcase name="testKnownDecodings" classname="org.apache.commons.codec.binary.Base64Test" time="0.001"/>
  <testcase name="testPairs" classname="org.apache.commons.codec.binary.Base64Test" time="0.002"/>
  <testcase name="testUUID" classname="org.apache.commons.codec.binary.Base64Test" time="0"/>
  <testcase name="testEncodeDecodeSmall" classname="org.apache.commons.codec.binary.Base64Test" time="0"/>
  <testcase name="testConstructors" classname="org.apache.commons.codec.binary.Base64Test" time="0"/>
  <testcase name="testHugeLineSeparator" classname="org.apache.commons.codec.binary.Base64Test" time="0">
    <skipped/>
  </testcase>
  <testcase name="testObjectDecodeWithValidParameter" classname="org.apache.commons.codec.binary.Base64Test" time="0"/>
  <testcase name="testCodeInteger1" classname="org.apache.commons.codec.binary.Base64Test" time="0.001"/>
  <testcase name="testCodeInteger2" classname="org.apache.commons.codec.binary.Base64Test" time="0"/>
  <testcase name="testCodeInteger3" classname="org.apache.commons.codec.binary.Base64Test" time="0"/>
  <testcase name="testCodeInteger4" classname="org.apache.commons.codec.binary.Base64Test" time="0.001"/>
  <testcase name="testObjectEncode" classname="org.apache.commons.codec.binary.Base64Test" time="0"/>
  <testcase name="testRfc2045Section6Dot8ChunkSizeDefinition" classname="org.apache.commons.codec.binary.Base64Test" time="0"/>
  <testcase name="testUrlSafe" classname="org.apache.commons.codec.binary.Base64Test" time="0.009"/>
  <testcase name="testObjectEncodeWithInvalidParameter" classname="org.apache.commons.codec.binary.Base64Test" time="0"/>
  <testcase name="testEncodeDecodeRandom" classname="org.apache.commons.codec.binary.Base64Test" time="0.026"/>
  <testcase name="testRfc2045Section2Dot1CrLfDefinition" classname="org.apache.commons.codec.binary.Base64Test" time="0"/>
  <testcase name="testDecodeWithWhitespace" classname="org.apache.commons.codec.binary.Base64Test" time="0"/>
  <testcase name="testDecodePadOnlyChunked" classname="org.apache.commons.codec.binary.Base64Test" time="0"/>
  <testcase name="testKnownEncodings" classname="org.apache.commons.codec.binary.Base64Test" time="0"/>
  <testcase name="testIgnoringNonBase64InDecode" classname="org.apache.commons.codec.binary.Base64Test" time="0"/>
  <testcase name="testCodec112" classname="org.apache.commons.codec.binary.Base64Test" time="0"/>
  <testcase name="testDecodePadMarkerIndex2" classname="org.apache.commons.codec.binary.Base64Test" time="0"/>
  <testcase name="testDecodePadMarkerIndex3" classname="org.apache.commons.codec.binary.Base64Test" time="0"/>
  <testcase name="testIsUrlSafe" classname="org.apache.commons.codec.binary.Base64Test" time="0"/>
  <testcase name="testEncodeOverMaxSize" classname="org.apache.commons.codec.binary.Base64Test" time="0"/>
  <testcase name="testEmptyBase64" classname="org.apache.commons.codec.binary.Base64Test" time="0"/>
  <testcase name="testSingletons" classname="org.apache.commons.codec.binary.Base64Test" time="0"/>
  <testcase name="testTripletsChunked" classname="org.apache.commons.codec.binary.Base64Test" time="0"/>
  <testcase name="testCodec68" classname="org.apache.commons.codec.binary.Base64Test" time="0"/>
  <testcase name="testRfc4648Section10DecodeEncode" classname="org.apache.commons.codec.binary.Base64Test" time="0"/>
  <testcase name="testObjectDecodeWithInvalidParameter" classname="org.apache.commons.codec.binary.Base64Test" time="0"/>
  <testcase name="testIsArrayByteBase64" classname="org.apache.commons.codec.binary.Base64Test" time="0"/>
  <testcase name="testDecodePadOnly" classname="org.apache.commons.codec.binary.Base64Test" time="0"/>
  <testcase name="testChunkedEncodeMultipleOf76" classname="org.apache.commons.codec.binary.Base64Test" time="0"/>
  <testcase name="testBase64" classname="org.apache.commons.codec.binary.Base64Test" time="0"/>
  <testcase name="testRfc1421Section6Dot8ChunkSizeDefinition" classname="org.apache.commons.codec.binary.Base64Test" time="0"/>
  <testcase name="testNonBase64Test" classname="org.apache.commons.codec.binary.Base64Test" time="0"/>
  <testcase name="testConstructor_Int_ByteArray_Boolean" classname="org.apache.commons.codec.binary.Base64Test" time="0"/>
  <testcase name="testByteToStringVariations" classname="org.apache.commons.codec.binary.Base64Test" time="0"/>
  <testcase name="testObjectEncodeWithValidParameter" classname="org.apache.commons.codec.binary.Base64Test" time="0"/>
  <testcase name="testRfc4648Section10DecodeWithCrLf" classname="org.apache.commons.codec.binary.Base64Test" time="0"/>
  <testcase name="testRfc4648Section10Decode" classname="org.apache.commons.codec.binary.Base64Test" time="0"/>
  <testcase name="testRfc4648Section10Encode" classname="org.apache.commons.codec.binary.Base64Test" time="0.001"/>
  <testcase name="testCodeIntegerNull" classname="org.apache.commons.codec.binary.Base64Test" time="0"/>
  <testcase name="testIsStringBase64" classname="org.apache.commons.codec.binary.Base64Test" time="0"/>
  <testcase name="testRfc4648Section10EncodeDecode" classname="org.apache.commons.codec.binary.Base64Test" time="0.001"/>
  <testcase name="testDecodeWithInnerPad" classname="org.apache.commons.codec.binary.Base64Test" time="0"/>
</testsuite>